0 info it worked if it ends with ok
1 verbose cli [ 'node', '/usr/local/bin/npm', 'i', 'midi-player' ]
2 info using npm@1.4.9
3 info using node@v0.10.28
4 warn package.json song-writer@1.0.0 No description
5 warn package.json song-writer@1.0.0 No repository field.
6 warn package.json song-writer@1.0.0 No README data
7 verbose readDependencies using package.json deps
8 verbose cache add [ 'midi-player', null ]
9 verbose cache add name=undefined spec="midi-player" args=["midi-player",null]
10 verbose parsed url { protocol: null,
10 verbose parsed url   slashes: null,
10 verbose parsed url   auth: null,
10 verbose parsed url   host: null,
10 verbose parsed url   port: null,
10 verbose parsed url   hostname: null,
10 verbose parsed url   hash: null,
10 verbose parsed url   search: null,
10 verbose parsed url   query: null,
10 verbose parsed url   pathname: 'midi-player',
10 verbose parsed url   path: 'midi-player',
10 verbose parsed url   href: 'midi-player' }
11 silly lockFile 118c3dd5-midi-player midi-player
12 verbose lock midi-player /Users/ed/.npm/118c3dd5-midi-player.lock
13 silly lockFile 118c3dd5-midi-player midi-player
14 silly lockFile 118c3dd5-midi-player midi-player
15 verbose addNamed [ 'midi-player', '' ]
16 verbose addNamed [ null, '*' ]
17 silly lockFile f81f4b60-midi-player midi-player@
18 verbose lock midi-player@ /Users/ed/.npm/f81f4b60-midi-player.lock
19 silly addNameRange { name: 'midi-player', range: '*', hasData: false }
20 verbose url raw midi-player
21 verbose url resolving [ 'https://registry.npmjs.org/', './midi-player' ]
22 verbose url resolved https://registry.npmjs.org/midi-player
23 info trying registry request attempt 1 at 21:49:56
24 http GET https://registry.npmjs.org/midi-player
25 http 200 https://registry.npmjs.org/midi-player
26 silly registry.get cb [ 200,
26 silly registry.get   { date: 'Fri, 27 Dec 2019 21:49:57 GMT',
26 silly registry.get     'content-type': 'application/json',
26 silly registry.get     'transfer-encoding': 'chunked',
26 silly registry.get     connection: 'keep-alive',
26 silly registry.get     'set-cookie': [ '__cfduid=d7e0bd1094a30d980055f2f2df6278a0e1577483396; expires=Sun, 26-Jan-20 21:49:56 GMT; path=/; domain=.npmjs.org; HttpOnly; SameSite=Lax' ],
26 silly registry.get     'cf-ray': '54be81daf8f0f3f3-LHR',
26 silly registry.get     'cache-control': 'public, max-age=300',
26 silly registry.get     etag: 'W/"e98372087166e9daf6dbcde770e4f791"',
26 silly registry.get     'last-modified': 'Fri, 20 Dec 2019 23:36:42 GMT',
26 silly registry.get     vary: 'accept-encoding, accept',
26 silly registry.get     'cf-cache-status': 'EXPIRED',
26 silly registry.get     'expect-ct': 'max-age=604800, report-uri="https://report-uri.cloudflare.com/cdn-cgi/beacon/expect-ct"',
26 silly registry.get     server: 'cloudflare',
26 silly registry.get     'content-encoding': 'gzip' } ]
27 silly addNameRange number 2 { name: 'midi-player', range: '*', hasData: true }
28 silly addNameRange versions [ 'midi-player',
28 silly addNameRange   [ '0.0.0',
28 silly addNameRange     '0.0.1',
28 silly addNameRange     '0.0.3',
28 silly addNameRange     '0.0.4',
28 silly addNameRange     '0.0.5',
28 silly addNameRange     '0.0.6',
28 silly addNameRange     '0.0.7',
28 silly addNameRange     '0.0.8',
28 silly addNameRange     '0.0.9',
28 silly addNameRange     '0.0.10',
28 silly addNameRange     '0.0.11',
28 silly addNameRange     '0.0.12',
28 silly addNameRange     '0.0.13',
28 silly addNameRange     '0.0.14',
28 silly addNameRange     '1.0.0',
28 silly addNameRange     '1.0.1',
28 silly addNameRange     '1.0.2',
28 silly addNameRange     '1.0.3',
28 silly addNameRange     '1.0.4',
28 silly addNameRange     '1.0.5',
28 silly addNameRange     '1.0.6',
28 silly addNameRange     '1.0.7',
28 silly addNameRange     '2.0.0',
28 silly addNameRange     '2.0.1',
28 silly addNameRange     '2.0.2',
28 silly addNameRange     '2.0.3',
28 silly addNameRange     '2.0.4',
28 silly addNameRange     '2.0.5',
28 silly addNameRange     '2.0.6',
28 silly addNameRange     '2.0.7',
28 silly addNameRange     '2.0.8',
28 silly addNameRange     '2.0.9',
28 silly addNameRange     '2.0.10',
28 silly addNameRange     '2.0.11',
28 silly addNameRange     '2.0.12',
28 silly addNameRange     '2.0.13',
28 silly addNameRange     '2.0.14',
28 silly addNameRange     '2.0.15',
28 silly addNameRange     '2.0.16',
28 silly addNameRange     '2.0.17',
28 silly addNameRange     '2.0.18',
28 silly addNameRange     '2.0.19',
28 silly addNameRange     '2.0.20',
28 silly addNameRange     '2.0.21',
28 silly addNameRange     '2.0.22',
28 silly addNameRange     '2.0.23',
28 silly addNameRange     '2.0.25',
28 silly addNameRange     '2.0.26',
28 silly addNameRange     '2.0.27',
28 silly addNameRange     '2.0.28',
28 silly addNameRange     '2.0.29',
28 silly addNameRange     '2.0.30',
28 silly addNameRange     '2.0.31',
28 silly addNameRange     '2.0.32',
28 silly addNameRange     '2.0.33',
28 silly addNameRange     '2.0.34',
28 silly addNameRange     '2.0.35',
28 silly addNameRange     '2.0.36',
28 silly addNameRange     '2.0.37',
28 silly addNameRange     '2.0.38',
28 silly addNameRange     '2.0.39',
28 silly addNameRange     '2.0.40',
28 silly addNameRange     '2.0.41',
28 silly addNameRange     '2.0.42',
28 silly addNameRange     '2.0.43',
28 silly addNameRange     '2.0.44',
28 silly addNameRange     '2.0.45',
28 silly addNameRange     '2.0.46',
28 silly addNameRange     '2.0.47',
28 silly addNameRange     '2.0.48',
28 silly addNameRange     '2.0.49',
28 silly addNameRange     '2.0.50',
28 silly addNameRange     '2.0.51',
28 silly addNameRange     '2.0.52',
28 silly addNameRange     '2.0.53',
28 silly addNameRange     '2.0.54',
28 silly addNameRange     '2.0.55',
28 silly addNameRange     '2.0.56',
28 silly addNameRange     '2.0.57',
28 silly addNameRange     '2.0.58',
28 silly addNameRange     '2.0.59',
28 silly addNameRange     '2.0.60',
28 silly addNameRange     '2.0.61',
28 silly addNameRange     '2.0.62',
28 silly addNameRange     '2.0.63',
28 silly addNameRange     '2.0.64',
28 silly addNameRange     '2.0.65',
28 silly addNameRange     '2.0.66',
28 silly addNameRange     '2.0.67',
28 silly addNameRange     '2.0.68',
28 silly addNameRange     '2.0.69',
28 silly addNameRange     '2.0.70',
28 silly addNameRange     '2.0.71',
28 silly addNameRange     '2.0.72',
28 silly addNameRange     '2.0.73',
28 silly addNameRange     '2.0.74',
28 silly addNameRange     '2.0.75',
28 silly addNameRange     '2.0.76',
28 silly addNameRange     '2.0.77',
28 silly addNameRange     '2.0.78',
28 silly addNameRange     '2.0.79',
28 silly addNameRange     '2.0.80',
28 silly addNameRange     '2.0.81',
28 silly addNameRange     '2.0.82',
28 silly addNameRange     '2.0.83',
28 silly addNameRange     '2.0.84',
28 silly addNameRange     '2.0.85',
28 silly addNameRange     '3.0.0',
28 silly addNameRange     '3.0.1',
28 silly addNameRange     '3.0.2',
28 silly addNameRange     '3.0.3',
28 silly addNameRange     '3.0.4',
28 silly addNameRange     '3.0.5',
28 silly addNameRange     '3.0.6',
28 silly addNameRange     '3.0.7',
28 silly addNameRange     '3.0.8',
28 silly addNameRange     '3.0.9',
28 silly addNameRange     '3.0.10',
28 silly addNameRange     '3.0.11',
28 silly addNameRange     '3.0.12',
28 silly addNameRange     '3.0.13',
28 silly addNameRange     '3.0.14',
28 silly addNameRange     '3.0.15',
28 silly addNameRange     '3.0.16',
28 silly addNameRange     '3.0.17',
28 silly addNameRange     '3.0.18',
28 silly addNameRange     '3.0.19',
28 silly addNameRange     '3.0.20',
28 silly addNameRange     '3.0.21',
28 silly addNameRange     '3.0.22',
28 silly addNameRange     '3.0.23',
28 silly addNameRange     '3.0.24',
28 silly addNameRange     '3.0.25',
28 silly addNameRange     '3.0.26',
28 silly addNameRange     '3.0.27',
28 silly addNameRange     '3.0.28',
28 silly addNameRange     '3.0.29',
28 silly addNameRange     '3.0.30',
28 silly addNameRange     '3.0.31',
28 silly addNameRange     '3.0.32',
28 silly addNameRange     '3.0.33',
28 silly addNameRange     '3.0.34',
28 silly addNameRange     '3.0.35',
28 silly addNameRange     '3.0.36',
28 silly addNameRange     '3.0.37',
28 silly addNameRange     '3.0.38',
28 silly addNameRange     '3.0.39',
28 silly addNameRange     '3.0.40',
28 silly addNameRange     '3.0.41',
28 silly addNameRange     '3.0.42',
28 silly addNameRange     '3.0.43',
28 silly addNameRange     '3.0.44',
28 silly addNameRange     '3.0.45',
28 silly addNameRange     '3.0.46',
28 silly addNameRange     '3.0.47',
28 silly addNameRange     '3.0.48',
28 silly addNameRange     '3.0.49',
28 silly addNameRange     '3.0.50',
28 silly addNameRange     '3.0.51',
28 silly addNameRange     '3.0.52',
28 silly addNameRange     '3.0.53',
28 silly addNameRange     '4.0.0',
28 silly addNameRange     '4.0.1',
28 silly addNameRange     '4.0.2',
28 silly addNameRange     '4.0.3',
28 silly addNameRange     '4.0.4',
28 silly addNameRange     '4.0.5',
28 silly addNameRange     '4.0.6',
28 silly addNameRange     '4.0.7',
28 silly addNameRange     '4.0.8',
28 silly addNameRange     '4.0.9',
28 silly addNameRange     '4.0.10',
28 silly addNameRange     '4.0.11',
28 silly addNameRange     '4.0.12',
28 silly addNameRange     '4.0.13',
28 silly addNameRange     '4.0.14',
28 silly addNameRange     '4.0.15',
28 silly addNameRange     '4.0.16',
28 silly addNameRange     '4.0.17',
28 silly addNameRange     '4.0.18',
28 silly addNameRange     '4.0.19',
28 silly addNameRange     '4.0.20',
28 silly addNameRange     '4.0.21',
28 silly addNameRange     '4.0.22',
28 silly addNameRange     '4.0.23',
28 silly addNameRange     '4.0.24',
28 silly addNameRange     '4.0.25',
28 silly addNameRange     '4.0.26',
28 silly addNameRange     '4.0.27',
28 silly addNameRange     '4.0.28',
28 silly addNameRange     '4.0.29',
28 silly addNameRange     '4.0.30',
28 silly addNameRange     '4.0.31',
28 silly addNameRange     '4.0.32',
28 silly addNameRange     '4.0.33',
28 silly addNameRange     '4.0.34',
28 silly addNameRange     '4.0.35',
28 silly addNameRange     '4.0.36',
28 silly addNameRange     '4.0.37',
28 silly addNameRange     '4.0.38',
28 silly addNameRange     '4.0.39',
28 silly addNameRange     '4.0.40',
28 silly addNameRange     '4.0.41',
28 silly addNameRange     '4.0.42',
28 silly addNameRange     '4.0.43',
28 silly addNameRange     '4.0.44',
28 silly addNameRange     '4.0.45',
28 silly addNameRange     '4.0.46',
28 silly addNameRange     '4.0.47',
28 silly addNameRange     '4.0.48',
28 silly addNameRange     '4.0.49',
28 silly addNameRange     '4.0.50',
28 silly addNameRange     '4.0.51',
28 silly addNameRange     '4.0.52',
28 silly addNameRange     '4.0.53',
28 silly addNameRange     '4.0.54',
28 silly addNameRange     '4.0.55',
28 silly addNameRange     '4.0.56',
28 silly addNameRange     '4.0.57' ] ]
29 verbose addNamed [ 'midi-player', '4.0.57' ]
30 verbose addNamed [ '4.0.57', '4.0.57' ]
31 silly lockFile e8065ff6-midi-player-4-0-57 midi-player@4.0.57
32 verbose lock midi-player@4.0.57 /Users/ed/.npm/e8065ff6-midi-player-4-0-57.lock
33 silly lockFile fe551fbf-di-player-midi-player-4-0-57-tgz https://registry.npmjs.org/midi-player/-/midi-player-4.0.57.tgz
34 verbose lock https://registry.npmjs.org/midi-player/-/midi-player-4.0.57.tgz /Users/ed/.npm/fe551fbf-di-player-midi-player-4-0-57-tgz.lock
35 verbose addRemoteTarball [ 'https://registry.npmjs.org/midi-player/-/midi-player-4.0.57.tgz',
35 verbose addRemoteTarball   'e9a8a1e174a95cb6148ffeb090e42c5242a66817' ]
36 info retry fetch attempt 1 at 21:49:58
37 verbose fetch to= /var/folders/s9/mzc7t94d33x26y471ypm_hfc0000gn/T/npm-3274-OpNx1LZT/1577483398128-0.27181804133579135/tmp.tgz
38 http GET https://registry.npmjs.org/midi-player/-/midi-player-4.0.57.tgz
39 http 200 https://registry.npmjs.org/midi-player/-/midi-player-4.0.57.tgz
40 verbose tar unpack /var/folders/s9/mzc7t94d33x26y471ypm_hfc0000gn/T/npm-3274-OpNx1LZT/1577483398128-0.27181804133579135/tmp.tgz
41 silly lockFile 64d04d8e-d-npm-midi-player-4-0-57-package tar:///Users/ed/.npm/midi-player/4.0.57/package
42 verbose lock tar:///Users/ed/.npm/midi-player/4.0.57/package /Users/ed/.npm/64d04d8e-d-npm-midi-player-4-0-57-package.lock
43 silly lockFile 1704a04b-8128-0-27181804133579135-tmp-tgz tar:///var/folders/s9/mzc7t94d33x26y471ypm_hfc0000gn/T/npm-3274-OpNx1LZT/1577483398128-0.27181804133579135/tmp.tgz
44 verbose lock tar:///var/folders/s9/mzc7t94d33x26y471ypm_hfc0000gn/T/npm-3274-OpNx1LZT/1577483398128-0.27181804133579135/tmp.tgz /Users/ed/.npm/1704a04b-8128-0-27181804133579135-tmp-tgz.lock
45 silly gunzTarPerm modes [ '755', '644' ]
46 silly gunzTarPerm extractEntry LICENSE
47 silly gunzTarPerm extractEntry build/es5/bundle.js
48 silly gunzTarPerm extractEntry build/es2018/helpers/encode-midi-message.js
49 silly gunzTarPerm extractEntry build/es2018/interfaces/index.js
50 silly gunzTarPerm extractEntry build/es2018/types/index.js
51 silly gunzTarPerm extractEntry build/es2018/interfaces/interval.js
52 silly gunzTarPerm extractEntry build/es2018/types/midi-file-slicer-factory.js
53 silly gunzTarPerm extractEntry build/es2018/factories/midi-file-slicer.js
54 silly gunzTarPerm extractEntry build/es2018/interfaces/midi-output.js
55 silly gunzTarPerm extractEntry build/es2018/types/midi-player-factory-factory.js
56 silly gunzTarPerm extractEntry build/es2018/interfaces/midi-player-factory-options.js
57 silly gunzTarPerm extractEntry build/es2018/factories/midi-player-factory.js
58 silly gunzTarPerm extractEntry build/es2018/types/midi-player-factory.js
59 silly gunzTarPerm extractEntry build/es2018/interfaces/midi-player-options.js
60 silly gunzTarPerm extractEntry build/es2018/interfaces/midi-player.js
61 silly gunzTarPerm extractEntry build/es2018/midi-player.js
62 silly gunzTarPerm extractEntry build/es2018/module.js
63 silly gunzTarPerm extractEntry build/es2018/scheduler.js
64 silly gunzTarPerm extractEntry package.json
65 silly gunzTarPerm extractEntry src/tsconfig.json
66 silly gunzTarPerm extractEntry build/es2018/helpers/encode-midi-message.d.ts.map
67 silly gunzTarPerm extractEntry build/es2018/helpers/encode-midi-message.js.map
68 silly gunzTarPerm extractEntry build/es2018/interfaces/index.d.ts.map
69 silly gunzTarPerm extractEntry build/es2018/types/index.d.ts.map
70 silly gunzTarPerm extractEntry build/es2018/interfaces/index.js.map
71 silly gunzTarPerm extractEntry build/es2018/types/index.js.map
72 silly gunzTarPerm extractEntry build/es2018/interfaces/interval.d.ts.map
73 silly gunzTarPerm extractEntry build/es2018/interfaces/interval.js.map
74 silly gunzTarPerm extractEntry build/es2018/types/midi-file-slicer-factory.d.ts.map
75 silly gunzTarPerm extractEntry build/es2018/types/midi-file-slicer-factory.js.map
76 silly gunzTarPerm extractEntry build/es2018/factories/midi-file-slicer.d.ts.map
77 silly gunzTarPerm extractEntry build/es2018/factories/midi-file-slicer.js.map
78 silly gunzTarPerm extractEntry build/es2018/interfaces/midi-output.d.ts.map
79 silly gunzTarPerm extractEntry build/es2018/interfaces/midi-output.js.map
80 silly gunzTarPerm extractEntry build/es2018/types/midi-player-factory-factory.d.ts.map
81 silly gunzTarPerm extractEntry build/es2018/types/midi-player-factory-factory.js.map
82 silly gunzTarPerm extractEntry build/es2018/interfaces/midi-player-factory-options.d.ts.map
83 silly gunzTarPerm extractEntry build/es2018/interfaces/midi-player-factory-options.js.map
84 silly gunzTarPerm extractEntry build/es2018/factories/midi-player-factory.d.ts.map
85 silly gunzTarPerm extractEntry build/es2018/types/midi-player-factory.d.ts.map
86 silly gunzTarPerm extractEntry build/es2018/factories/midi-player-factory.js.map
87 silly gunzTarPerm extractEntry build/es2018/types/midi-player-factory.js.map
88 silly gunzTarPerm extractEntry build/es2018/interfaces/midi-player-options.d.ts.map
89 silly gunzTarPerm extractEntry build/es2018/interfaces/midi-player-options.js.map
90 silly gunzTarPerm extractEntry build/es2018/interfaces/midi-player.d.ts.map
91 silly gunzTarPerm extractEntry build/es2018/midi-player.d.ts.map
92 silly gunzTarPerm extractEntry build/es2018/interfaces/midi-player.js.map
93 silly gunzTarPerm extractEntry build/es2018/midi-player.js.map
94 silly gunzTarPerm extractEntry build/es2018/module.d.ts.map
95 silly gunzTarPerm extractEntry build/es2018/module.js.map
96 silly gunzTarPerm extractEntry build/es2018/scheduler.d.ts.map
97 silly gunzTarPerm extractEntry build/es2018/scheduler.js.map
98 silly gunzTarPerm extractEntry README.md
99 silly gunzTarPerm extractEntry build/es2018/helpers/encode-midi-message.d.ts
100 silly gunzTarPerm extractEntry src/helpers/encode-midi-message.ts
101 silly gunzTarPerm extractEntry build/es2018/interfaces/index.d.ts
102 silly gunzTarPerm extractEntry build/es2018/types/index.d.ts
103 silly gunzTarPerm extractEntry src/interfaces/index.ts
104 silly gunzTarPerm extractEntry src/types/index.ts
105 silly gunzTarPerm extractEntry build/es2018/interfaces/interval.d.ts
106 silly gunzTarPerm extractEntry src/interfaces/interval.ts
107 silly gunzTarPerm extractEntry build/es2018/types/midi-file-slicer-factory.d.ts
108 silly gunzTarPerm extractEntry src/types/midi-file-slicer-factory.ts
109 silly gunzTarPerm extractEntry build/es2018/factories/midi-file-slicer.d.ts
110 silly gunzTarPerm extractEntry src/factories/midi-file-slicer.ts
111 silly gunzTarPerm extractEntry build/es2018/interfaces/midi-output.d.ts
112 silly gunzTarPerm extractEntry src/interfaces/midi-output.ts
113 silly gunzTarPerm extractEntry build/es2018/types/midi-player-factory-factory.d.ts
114 silly gunzTarPerm extractEntry src/types/midi-player-factory-factory.ts
115 silly gunzTarPerm extractEntry build/es2018/interfaces/midi-player-factory-options.d.ts
116 silly gunzTarPerm extractEntry src/interfaces/midi-player-factory-options.ts
117 silly gunzTarPerm extractEntry build/es2018/factories/midi-player-factory.d.ts
118 silly gunzTarPerm extractEntry build/es2018/types/midi-player-factory.d.ts
119 silly gunzTarPerm extractEntry src/factories/midi-player-factory.ts
120 silly gunzTarPerm extractEntry src/types/midi-player-factory.ts
121 silly gunzTarPerm extractEntry build/es2018/interfaces/midi-player-options.d.ts
122 silly gunzTarPerm extractEntry src/interfaces/midi-player-options.ts
123 silly gunzTarPerm extractEntry build/es2018/interfaces/midi-player.d.ts
124 silly gunzTarPerm extractEntry build/es2018/midi-player.d.ts
125 silly gunzTarPerm extractEntry src/interfaces/midi-player.ts
126 silly gunzTarPerm extractEntry src/midi-player.ts
127 silly gunzTarPerm extractEntry build/es2018/module.d.ts
128 silly gunzTarPerm extractEntry src/module.ts
129 silly gunzTarPerm extractEntry build/es2018/scheduler.d.ts
130 silly gunzTarPerm extractEntry src/scheduler.ts
131 silly lockFile 64d04d8e-d-npm-midi-player-4-0-57-package tar:///Users/ed/.npm/midi-player/4.0.57/package
132 silly lockFile 64d04d8e-d-npm-midi-player-4-0-57-package tar:///Users/ed/.npm/midi-player/4.0.57/package
133 silly lockFile 1704a04b-8128-0-27181804133579135-tmp-tgz tar:///var/folders/s9/mzc7t94d33x26y471ypm_hfc0000gn/T/npm-3274-OpNx1LZT/1577483398128-0.27181804133579135/tmp.tgz
134 silly lockFile 1704a04b-8128-0-27181804133579135-tmp-tgz tar:///var/folders/s9/mzc7t94d33x26y471ypm_hfc0000gn/T/npm-3274-OpNx1LZT/1577483398128-0.27181804133579135/tmp.tgz
135 silly lockFile fe551fbf-di-player-midi-player-4-0-57-tgz https://registry.npmjs.org/midi-player/-/midi-player-4.0.57.tgz
136 silly lockFile fe551fbf-di-player-midi-player-4-0-57-tgz https://registry.npmjs.org/midi-player/-/midi-player-4.0.57.tgz
137 silly lockFile e8065ff6-midi-player-4-0-57 midi-player@4.0.57
138 silly lockFile e8065ff6-midi-player-4-0-57 midi-player@4.0.57
139 silly lockFile f81f4b60-midi-player midi-player@
140 silly lockFile f81f4b60-midi-player midi-player@
141 silly resolved [ { author: { name: 'Christoph Guttandin' },
141 silly resolved     bugs: { url: 'https://github.com/chrisguttandin/midi-player/issues' },
141 silly resolved     config: { commitizen: [Object] },
141 silly resolved     dependencies:
141 silly resolved      { '@babel/runtime': '^7.7.7',
141 silly resolved        'json-midi-message-encoder': '^2.7.13',
141 silly resolved        'midi-file-slicer': '^5.0.41',
141 silly resolved        'midi-json-parser-worker': '^6.5.13',
141 silly resolved        rxjs: '^6.5.3',
141 silly resolved        tslib: '^1.10.0',
141 silly resolved        'worker-timers': '^5.1.5' },
141 silly resolved     description: 'A simple MIDI player which sends MIDI messages to connected devices.',
141 silly resolved     devDependencies:
141 silly resolved      { '@babel/core': '^7.7.7',
141 silly resolved        '@babel/plugin-external-helpers': '^7.7.4',
141 silly resolved        '@babel/plugin-transform-runtime': '^7.7.6',
141 silly resolved        '@babel/preset-env': '^7.7.7',
141 silly resolved        '@commitlint/cli': '^8.2.0',
141 silly resolved        '@commitlint/config-angular': '^8.2.0',
141 silly resolved        chai: '^4.2.0',
141 silly resolved        commitizen: '^4.0.3',
141 silly resolved        'cz-conventional-changelog': '^3.0.2',
141 silly resolved        eslint: '^6.8.0',
141 silly resolved        'eslint-config-holy-grail': '^45.0.2',
141 silly resolved        grunt: '^1.0.4',
141 silly resolved        'grunt-cli': '^1.3.2',
141 silly resolved        'grunt-contrib-clean': '^2.0.0',
141 silly resolved        'grunt-karma': '^3.0.2',
141 silly resolved        'grunt-sh': '^0.2.0',
141 silly resolved        husky: '^3.1.0',
141 silly resolved        karma: '^4.4.1',
141 silly resolved        'karma-chrome-launcher': '^3.1.0',
141 silly resolved        'karma-firefox-launcher': '^1.2.0',
141 silly resolved        'karma-mocha': '^1.1.0',
141 silly resolved        'karma-sauce-launcher': '^2.0.2',
141 silly resolved        'karma-sinon-chai': '^2.0.2',
141 silly resolved        'karma-webpack': '^4.0.2',
141 silly resolved        'load-grunt-config': '^3.0.1',
141 silly resolved        mocha: '^6.2.2',
141 silly resolved        rollup: '^1.27.13',
141 silly resolved        'rollup-plugin-babel': '^4.3.3',
141 silly resolved        sinon: '^7.5.0',
141 silly resolved        'sinon-chai': '^3.3.0',
141 silly resolved        'ts-loader': '^6.2.1',
141 silly resolved        'tsconfig-holy-grail': '^10.0.36',
141 silly resolved        tslint: '^5.20.1',
141 silly resolved        'tslint-config-holy-grail': '^47.0.4',
141 silly resolved        typescript: '^3.7.4',
141 silly resolved        webpack: '^4.41.4' },
141 silly resolved     files: [ 'build/es2018/', 'build/es5/', 'src/' ],
141 silly resolved     homepage: 'https://github.com/chrisguttandin/midi-player',
141 silly resolved     husky: { hooks: [Object] },
141 silly resolved     keywords: [ 'MIDI', 'Web MIDI API' ],
141 silly resolved     license: 'MIT',
141 silly resolved     main: 'build/es5/bundle.js',
141 silly resolved     module: 'build/es2018/module.js',
141 silly resolved     name: 'midi-player',
141 silly resolved     repository:
141 silly resolved      { type: 'git',
141 silly resolved        url: 'https://github.com/chrisguttandin/midi-player.git' },
141 silly resolved     scripts:
141 silly resolved      { prepublishOnly: 'grunt build',
141 silly resolved        test: 'grunt lint && grunt test' },
141 silly resolved     types: 'build/es2018/module.d.ts',
141 silly resolved     version: '4.0.57',
141 silly resolved     readme: '# midi-player\n\n**A simple MIDI player which sends MIDI messages to connected devices.**\n\n[![tests](https://img.shields.io/travis/chrisguttandin/midi-player/master.svg?style=flat-square)](https://travis-ci.org/chrisguttandin/midi-player)\n[![dependencies](https://img.shields.io/david/chrisguttandin/midi-player.svg?style=flat-square)](https://www.npmjs.com/package/midi-player)\n[![version](https://img.shields.io/npm/v/midi-player.svg?style=flat-square)](https://www.npmjs.com/package/midi-player)\n\nThis module provides a player which sends MIDI messages to connected devices. It schedules the messages with a look ahead of about 500 milliseconds. It does not directly rely on the [Web MIDI API](https://webaudio.github.io/web-midi-api/) but expects a [MIDIOutput](https://webaudio.github.io/web-midi-api/#midioutput-interface) to be passed as constructor argument. But theoretically that could be anything which implements the same interface.\n\n## Usage\n\n`midi-player` is published on [npm](https://www.npmjs.com/package/midi-player) and can be installed as usual.\n\n```shell\nnpm install midi-player\n```\n\nThe only exported function is a factory method to create new player instances.\n\n```js\nimport { create } from \'midi-player\';\n\n// This is a JSON object which represents a MIDI file.\nconst json = {\n    division: 480,\n    format: 1,\n    tracks: [\n        { channel: 0, delta: 0, noteOn: { noteNumber: 36, velocity: 100 } },\n        { channel: 0, delta: 240, noteOff: { noteNumber: 36, velocity: 64 } },\n        { delta: 0, endOfTrack: true }\n    ]\n};\n\n// This is a quick & dirty approach to grab the first known MIDI output.\nconst midiAccess = await navigator.requestMIDIAccess();\nconst midiOutput = Array.from(midiAccess.outputs)[0];\n\nconst midiPlayer = create({ json, midiOutput });\n\n// All MIDI messages have been sent when the promise returned by play() resolves.\nawait midiPlayer.play();\n```\n\nIf you want to play a binary MIDI file you can use the [midi-json-parser](https://github.com/chrisguttandin/midi-json-parser) package to transform it into a compatible JSON representation.\n',
141 silly resolved     readmeFilename: 'README.md',
141 silly resolved     _id: 'midi-player@4.0.57',
141 silly resolved     _shasum: 'e9a8a1e174a95cb6148ffeb090e42c5242a66817',
141 silly resolved     _from: 'midi-player@',
141 silly resolved     _resolved: 'https://registry.npmjs.org/midi-player/-/midi-player-4.0.57.tgz' } ]
142 info install midi-player@4.0.57 into /Users/ed/Documents/bornrobot/song-midi-player
143 info installOne midi-player@4.0.57
144 info /Users/ed/Documents/bornrobot/song-midi-player/node_modules/midi-player unbuild
145 verbose tar unpack /Users/ed/.npm/midi-player/4.0.57/package.tgz
146 silly lockFile f6c07287--player-node-modules-midi-player tar:///Users/ed/Documents/bornrobot/song-midi-player/node_modules/midi-player
147 verbose lock tar:///Users/ed/Documents/bornrobot/song-midi-player/node_modules/midi-player /Users/ed/.npm/f6c07287--player-node-modules-midi-player.lock
148 silly lockFile 08fd4060-m-midi-player-4-0-57-package-tgz tar:///Users/ed/.npm/midi-player/4.0.57/package.tgz
149 verbose lock tar:///Users/ed/.npm/midi-player/4.0.57/package.tgz /Users/ed/.npm/08fd4060-m-midi-player-4-0-57-package-tgz.lock
150 silly gunzTarPerm modes [ '755', '644' ]
151 silly gunzTarPerm extractEntry LICENSE
152 silly gunzTarPerm extractEntry build/es5/bundle.js
153 silly gunzTarPerm extractEntry build/es2018/helpers/encode-midi-message.js
154 silly gunzTarPerm extractEntry build/es2018/interfaces/index.js
155 silly gunzTarPerm extractEntry build/es2018/types/index.js
156 silly gunzTarPerm extractEntry build/es2018/interfaces/interval.js
157 silly gunzTarPerm extractEntry build/es2018/types/midi-file-slicer-factory.js
158 silly gunzTarPerm extractEntry build/es2018/factories/midi-file-slicer.js
159 silly gunzTarPerm extractEntry build/es2018/interfaces/midi-output.js
160 silly gunzTarPerm extractEntry build/es2018/types/midi-player-factory-factory.js
161 silly gunzTarPerm extractEntry build/es2018/interfaces/midi-player-factory-options.js
162 silly gunzTarPerm extractEntry build/es2018/factories/midi-player-factory.js
163 silly gunzTarPerm extractEntry build/es2018/types/midi-player-factory.js
164 silly gunzTarPerm extractEntry build/es2018/interfaces/midi-player-options.js
165 silly gunzTarPerm extractEntry build/es2018/interfaces/midi-player.js
166 silly gunzTarPerm extractEntry build/es2018/midi-player.js
167 silly gunzTarPerm extractEntry build/es2018/module.js
168 silly gunzTarPerm extractEntry build/es2018/scheduler.js
169 silly gunzTarPerm extractEntry package.json
170 silly gunzTarPerm extractEntry src/tsconfig.json
171 silly gunzTarPerm extractEntry build/es2018/helpers/encode-midi-message.d.ts.map
172 silly gunzTarPerm extractEntry build/es2018/helpers/encode-midi-message.js.map
173 silly gunzTarPerm extractEntry build/es2018/interfaces/index.d.ts.map
174 silly gunzTarPerm extractEntry build/es2018/types/index.d.ts.map
175 silly gunzTarPerm extractEntry build/es2018/interfaces/index.js.map
176 silly gunzTarPerm extractEntry build/es2018/types/index.js.map
177 silly gunzTarPerm extractEntry build/es2018/interfaces/interval.d.ts.map
178 silly gunzTarPerm extractEntry build/es2018/interfaces/interval.js.map
179 silly gunzTarPerm extractEntry build/es2018/types/midi-file-slicer-factory.d.ts.map
180 silly gunzTarPerm extractEntry build/es2018/types/midi-file-slicer-factory.js.map
181 silly gunzTarPerm extractEntry build/es2018/factories/midi-file-slicer.d.ts.map
182 silly gunzTarPerm extractEntry build/es2018/factories/midi-file-slicer.js.map
183 silly gunzTarPerm extractEntry build/es2018/interfaces/midi-output.d.ts.map
184 silly gunzTarPerm extractEntry build/es2018/interfaces/midi-output.js.map
185 silly gunzTarPerm extractEntry build/es2018/types/midi-player-factory-factory.d.ts.map
186 silly gunzTarPerm extractEntry build/es2018/types/midi-player-factory-factory.js.map
187 silly gunzTarPerm extractEntry build/es2018/interfaces/midi-player-factory-options.d.ts.map
188 silly gunzTarPerm extractEntry build/es2018/interfaces/midi-player-factory-options.js.map
189 silly gunzTarPerm extractEntry build/es2018/factories/midi-player-factory.d.ts.map
190 silly gunzTarPerm extractEntry build/es2018/types/midi-player-factory.d.ts.map
191 silly gunzTarPerm extractEntry build/es2018/factories/midi-player-factory.js.map
192 silly gunzTarPerm extractEntry build/es2018/types/midi-player-factory.js.map
193 silly gunzTarPerm extractEntry build/es2018/interfaces/midi-player-options.d.ts.map
194 silly gunzTarPerm extractEntry build/es2018/interfaces/midi-player-options.js.map
195 silly gunzTarPerm extractEntry build/es2018/interfaces/midi-player.d.ts.map
196 silly gunzTarPerm extractEntry build/es2018/midi-player.d.ts.map
197 silly gunzTarPerm extractEntry build/es2018/interfaces/midi-player.js.map
198 silly gunzTarPerm extractEntry build/es2018/midi-player.js.map
199 silly gunzTarPerm extractEntry build/es2018/module.d.ts.map
200 silly gunzTarPerm extractEntry build/es2018/module.js.map
201 silly gunzTarPerm extractEntry build/es2018/scheduler.d.ts.map
202 silly gunzTarPerm extractEntry build/es2018/scheduler.js.map
203 silly gunzTarPerm extractEntry README.md
204 silly gunzTarPerm extractEntry build/es2018/helpers/encode-midi-message.d.ts
205 silly gunzTarPerm extractEntry src/helpers/encode-midi-message.ts
206 silly gunzTarPerm extractEntry build/es2018/interfaces/index.d.ts
207 silly gunzTarPerm extractEntry build/es2018/types/index.d.ts
208 silly gunzTarPerm extractEntry src/interfaces/index.ts
209 silly gunzTarPerm extractEntry src/types/index.ts
210 silly gunzTarPerm extractEntry build/es2018/interfaces/interval.d.ts
211 silly gunzTarPerm extractEntry src/interfaces/interval.ts
212 silly gunzTarPerm extractEntry build/es2018/types/midi-file-slicer-factory.d.ts
213 silly gunzTarPerm extractEntry src/types/midi-file-slicer-factory.ts
214 silly gunzTarPerm extractEntry build/es2018/factories/midi-file-slicer.d.ts
215 silly gunzTarPerm extractEntry src/factories/midi-file-slicer.ts
216 silly gunzTarPerm extractEntry build/es2018/interfaces/midi-output.d.ts
217 silly gunzTarPerm extractEntry src/interfaces/midi-output.ts
218 silly gunzTarPerm extractEntry build/es2018/types/midi-player-factory-factory.d.ts
219 silly gunzTarPerm extractEntry src/types/midi-player-factory-factory.ts
220 silly gunzTarPerm extractEntry build/es2018/interfaces/midi-player-factory-options.d.ts
221 silly gunzTarPerm extractEntry src/interfaces/midi-player-factory-options.ts
222 silly gunzTarPerm extractEntry build/es2018/factories/midi-player-factory.d.ts
223 silly gunzTarPerm extractEntry build/es2018/types/midi-player-factory.d.ts
224 silly gunzTarPerm extractEntry src/factories/midi-player-factory.ts
225 silly gunzTarPerm extractEntry src/types/midi-player-factory.ts
226 silly gunzTarPerm extractEntry build/es2018/interfaces/midi-player-options.d.ts
227 silly gunzTarPerm extractEntry src/interfaces/midi-player-options.ts
228 silly gunzTarPerm extractEntry build/es2018/interfaces/midi-player.d.ts
229 silly gunzTarPerm extractEntry build/es2018/midi-player.d.ts
230 silly gunzTarPerm extractEntry src/interfaces/midi-player.ts
231 silly gunzTarPerm extractEntry src/midi-player.ts
232 silly gunzTarPerm extractEntry build/es2018/module.d.ts
233 silly gunzTarPerm extractEntry src/module.ts
234 silly gunzTarPerm extractEntry build/es2018/scheduler.d.ts
235 silly gunzTarPerm extractEntry src/scheduler.ts
236 silly lockFile f6c07287--player-node-modules-midi-player tar:///Users/ed/Documents/bornrobot/song-midi-player/node_modules/midi-player
237 silly lockFile f6c07287--player-node-modules-midi-player tar:///Users/ed/Documents/bornrobot/song-midi-player/node_modules/midi-player
238 silly lockFile 08fd4060-m-midi-player-4-0-57-package-tgz tar:///Users/ed/.npm/midi-player/4.0.57/package.tgz
239 silly lockFile 08fd4060-m-midi-player-4-0-57-package-tgz tar:///Users/ed/.npm/midi-player/4.0.57/package.tgz
240 info preinstall midi-player@4.0.57
241 verbose readDependencies using package.json deps
242 verbose readDependencies using package.json deps
243 verbose cache add [ '@babel/runtime@^7.7.7', null ]
244 verbose cache add name=undefined spec="@babel/runtime@^7.7.7" args=["@babel/runtime@^7.7.7",null]
245 verbose parsed url { protocol: null,
245 verbose parsed url   slashes: null,
245 verbose parsed url   auth: null,
245 verbose parsed url   host: null,
245 verbose parsed url   port: null,
245 verbose parsed url   hostname: null,
245 verbose parsed url   hash: null,
245 verbose parsed url   search: null,
245 verbose parsed url   query: null,
245 verbose parsed url   pathname: '@babel/runtime@^7.7.7',
245 verbose parsed url   path: '@babel/runtime@^7.7.7',
245 verbose parsed url   href: '@babel/runtime@^7.7.7' }
246 verbose cache add [ 'json-midi-message-encoder@^2.7.13', null ]
247 verbose cache add name=undefined spec="json-midi-message-encoder@^2.7.13" args=["json-midi-message-encoder@^2.7.13",null]
248 verbose parsed url { protocol: null,
248 verbose parsed url   slashes: null,
248 verbose parsed url   auth: null,
248 verbose parsed url   host: null,
248 verbose parsed url   port: null,
248 verbose parsed url   hostname: null,
248 verbose parsed url   hash: null,
248 verbose parsed url   search: null,
248 verbose parsed url   query: null,
248 verbose parsed url   pathname: 'json-midi-message-encoder@^2.7.13',
248 verbose parsed url   path: 'json-midi-message-encoder@^2.7.13',
248 verbose parsed url   href: 'json-midi-message-encoder@^2.7.13' }
249 verbose cache add name="json-midi-message-encoder" spec="^2.7.13" args=["json-midi-message-encoder","^2.7.13"]
250 verbose parsed url { protocol: null,
250 verbose parsed url   slashes: null,
250 verbose parsed url   auth: null,
250 verbose parsed url   host: null,
250 verbose parsed url   port: null,
250 verbose parsed url   hostname: null,
250 verbose parsed url   hash: null,
250 verbose parsed url   search: null,
250 verbose parsed url   query: null,
250 verbose parsed url   pathname: '^2.7.13',
250 verbose parsed url   path: '^2.7.13',
250 verbose parsed url   href: '^2.7.13' }
251 verbose addNamed [ 'json-midi-message-encoder', '^2.7.13' ]
252 verbose addNamed [ null, '>=2.7.13-0 <3.0.0-0' ]
253 silly lockFile fe54ce38-json-midi-message-encoder-2-7-13 json-midi-message-encoder@^2.7.13
254 verbose lock json-midi-message-encoder@^2.7.13 /Users/ed/.npm/fe54ce38-json-midi-message-encoder-2-7-13.lock
255 verbose cache add name="" spec="babel/runtime@^7.7.7" args=["","babel/runtime@^7.7.7"]
256 verbose parsed url { protocol: null,
256 verbose parsed url   slashes: null,
256 verbose parsed url   auth: null,
256 verbose parsed url   host: null,
256 verbose parsed url   port: null,
256 verbose parsed url   hostname: null,
256 verbose parsed url   hash: null,
256 verbose parsed url   search: null,
256 verbose parsed url   query: null,
256 verbose parsed url   pathname: 'babel/runtime@^7.7.7',
256 verbose parsed url   path: 'babel/runtime@^7.7.7',
256 verbose parsed url   href: 'babel/runtime@^7.7.7' }
257 verbose cache add [ 'midi-json-parser-worker@^6.5.13', null ]
258 verbose cache add name=undefined spec="midi-json-parser-worker@^6.5.13" args=["midi-json-parser-worker@^6.5.13",null]
259 verbose parsed url { protocol: null,
259 verbose parsed url   slashes: null,
259 verbose parsed url   auth: null,
259 verbose parsed url   host: null,
259 verbose parsed url   port: null,
259 verbose parsed url   hostname: null,
259 verbose parsed url   hash: null,
259 verbose parsed url   search: null,
259 verbose parsed url   query: null,
259 verbose parsed url   pathname: 'midi-json-parser-worker@^6.5.13',
259 verbose parsed url   path: 'midi-json-parser-worker@^6.5.13',
259 verbose parsed url   href: 'midi-json-parser-worker@^6.5.13' }
260 verbose cache add name="midi-json-parser-worker" spec="^6.5.13" args=["midi-json-parser-worker","^6.5.13"]
261 verbose parsed url { protocol: null,
261 verbose parsed url   slashes: null,
261 verbose parsed url   auth: null,
261 verbose parsed url   host: null,
261 verbose parsed url   port: null,
261 verbose parsed url   hostname: null,
261 verbose parsed url   hash: null,
261 verbose parsed url   search: null,
261 verbose parsed url   query: null,
261 verbose parsed url   pathname: '^6.5.13',
261 verbose parsed url   path: '^6.5.13',
261 verbose parsed url   href: '^6.5.13' }
262 verbose addNamed [ 'midi-json-parser-worker', '^6.5.13' ]
263 verbose addNamed [ null, '>=6.5.13-0 <7.0.0-0' ]
264 silly lockFile 6443fa20-midi-json-parser-worker-6-5-13 midi-json-parser-worker@^6.5.13
265 verbose lock midi-json-parser-worker@^6.5.13 /Users/ed/.npm/6443fa20-midi-json-parser-worker-6-5-13.lock
266 verbose cache add [ 'midi-file-slicer@^5.0.41', null ]
267 verbose cache add name=undefined spec="midi-file-slicer@^5.0.41" args=["midi-file-slicer@^5.0.41",null]
268 verbose parsed url { protocol: null,
268 verbose parsed url   slashes: null,
268 verbose parsed url   auth: null,
268 verbose parsed url   host: null,
268 verbose parsed url   port: null,
268 verbose parsed url   hostname: null,
268 verbose parsed url   hash: null,
268 verbose parsed url   search: null,
268 verbose parsed url   query: null,
268 verbose parsed url   pathname: 'midi-file-slicer@^5.0.41',
268 verbose parsed url   path: 'midi-file-slicer@^5.0.41',
268 verbose parsed url   href: 'midi-file-slicer@^5.0.41' }
269 verbose cache add name="midi-file-slicer" spec="^5.0.41" args=["midi-file-slicer","^5.0.41"]
270 verbose parsed url { protocol: null,
270 verbose parsed url   slashes: null,
270 verbose parsed url   auth: null,
270 verbose parsed url   host: null,
270 verbose parsed url   port: null,
270 verbose parsed url   hostname: null,
270 verbose parsed url   hash: null,
270 verbose parsed url   search: null,
270 verbose parsed url   query: null,
270 verbose parsed url   pathname: '^5.0.41',
270 verbose parsed url   path: '^5.0.41',
270 verbose parsed url   href: '^5.0.41' }
271 verbose addNamed [ 'midi-file-slicer', '^5.0.41' ]
272 verbose addNamed [ null, '>=5.0.41-0 <6.0.0-0' ]
273 silly lockFile e5c00d7e-midi-file-slicer-5-0-41 midi-file-slicer@^5.0.41
274 verbose lock midi-file-slicer@^5.0.41 /Users/ed/.npm/e5c00d7e-midi-file-slicer-5-0-41.lock
275 verbose cache add [ 'rxjs@^6.5.3', null ]
276 verbose cache add name=undefined spec="rxjs@^6.5.3" args=["rxjs@^6.5.3",null]
277 verbose parsed url { protocol: null,
277 verbose parsed url   slashes: null,
277 verbose parsed url   auth: null,
277 verbose parsed url   host: null,
277 verbose parsed url   port: null,
277 verbose parsed url   hostname: null,
277 verbose parsed url   hash: null,
277 verbose parsed url   search: null,
277 verbose parsed url   query: null,
277 verbose parsed url   pathname: 'rxjs@^6.5.3',
277 verbose parsed url   path: 'rxjs@^6.5.3',
277 verbose parsed url   href: 'rxjs@^6.5.3' }
278 verbose cache add name="rxjs" spec="^6.5.3" args=["rxjs","^6.5.3"]
279 verbose parsed url { protocol: null,
279 verbose parsed url   slashes: null,
279 verbose parsed url   auth: null,
279 verbose parsed url   host: null,
279 verbose parsed url   port: null,
279 verbose parsed url   hostname: null,
279 verbose parsed url   hash: null,
279 verbose parsed url   search: null,
279 verbose parsed url   query: null,
279 verbose parsed url   pathname: '^6.5.3',
279 verbose parsed url   path: '^6.5.3',
279 verbose parsed url   href: '^6.5.3' }
280 verbose addNamed [ 'rxjs', '^6.5.3' ]
281 verbose addNamed [ null, '>=6.5.3-0 <7.0.0-0' ]
282 silly lockFile 4a29c752-rxjs-6-5-3 rxjs@^6.5.3
283 verbose lock rxjs@^6.5.3 /Users/ed/.npm/4a29c752-rxjs-6-5-3.lock
284 verbose cache add name="babel/runtime" spec="^7.7.7" args=["babel/runtime","^7.7.7"]
285 verbose parsed url { protocol: null,
285 verbose parsed url   slashes: null,
285 verbose parsed url   auth: null,
285 verbose parsed url   host: null,
285 verbose parsed url   port: null,
285 verbose parsed url   hostname: null,
285 verbose parsed url   hash: null,
285 verbose parsed url   search: null,
285 verbose parsed url   query: null,
285 verbose parsed url   pathname: '^7.7.7',
285 verbose parsed url   path: '^7.7.7',
285 verbose parsed url   href: '^7.7.7' }
286 verbose addNamed [ 'babel/runtime', '^7.7.7' ]
287 verbose addNamed [ null, '>=7.7.7-0 <8.0.0-0' ]
288 silly lockFile 853cbc37-babel-runtime-7-7-7 babel/runtime@^7.7.7
289 verbose lock babel/runtime@^7.7.7 /Users/ed/.npm/853cbc37-babel-runtime-7-7-7.lock
290 verbose cache add [ 'tslib@^1.10.0', null ]
291 verbose cache add name=undefined spec="tslib@^1.10.0" args=["tslib@^1.10.0",null]
292 verbose parsed url { protocol: null,
292 verbose parsed url   slashes: null,
292 verbose parsed url   auth: null,
292 verbose parsed url   host: null,
292 verbose parsed url   port: null,
292 verbose parsed url   hostname: null,
292 verbose parsed url   hash: null,
292 verbose parsed url   search: null,
292 verbose parsed url   query: null,
292 verbose parsed url   pathname: 'tslib@^1.10.0',
292 verbose parsed url   path: 'tslib@^1.10.0',
292 verbose parsed url   href: 'tslib@^1.10.0' }
293 verbose cache add name="tslib" spec="^1.10.0" args=["tslib","^1.10.0"]
294 verbose parsed url { protocol: null,
294 verbose parsed url   slashes: null,
294 verbose parsed url   auth: null,
294 verbose parsed url   host: null,
294 verbose parsed url   port: null,
294 verbose parsed url   hostname: null,
294 verbose parsed url   hash: null,
294 verbose parsed url   search: null,
294 verbose parsed url   query: null,
294 verbose parsed url   pathname: '^1.10.0',
294 verbose parsed url   path: '^1.10.0',
294 verbose parsed url   href: '^1.10.0' }
295 verbose addNamed [ 'tslib', '^1.10.0' ]
296 verbose addNamed [ null, '>=1.10.0-0 <2.0.0-0' ]
297 silly lockFile 1b39d7d4-tslib-1-10-0 tslib@^1.10.0
298 verbose lock tslib@^1.10.0 /Users/ed/.npm/1b39d7d4-tslib-1-10-0.lock
299 verbose cache add [ 'worker-timers@^5.1.5', null ]
300 verbose cache add name=undefined spec="worker-timers@^5.1.5" args=["worker-timers@^5.1.5",null]
301 verbose parsed url { protocol: null,
301 verbose parsed url   slashes: null,
301 verbose parsed url   auth: null,
301 verbose parsed url   host: null,
301 verbose parsed url   port: null,
301 verbose parsed url   hostname: null,
301 verbose parsed url   hash: null,
301 verbose parsed url   search: null,
301 verbose parsed url   query: null,
301 verbose parsed url   pathname: 'worker-timers@^5.1.5',
301 verbose parsed url   path: 'worker-timers@^5.1.5',
301 verbose parsed url   href: 'worker-timers@^5.1.5' }
302 verbose cache add name="worker-timers" spec="^5.1.5" args=["worker-timers","^5.1.5"]
303 verbose parsed url { protocol: null,
303 verbose parsed url   slashes: null,
303 verbose parsed url   auth: null,
303 verbose parsed url   host: null,
303 verbose parsed url   port: null,
303 verbose parsed url   hostname: null,
303 verbose parsed url   hash: null,
303 verbose parsed url   search: null,
303 verbose parsed url   query: null,
303 verbose parsed url   pathname: '^5.1.5',
303 verbose parsed url   path: '^5.1.5',
303 verbose parsed url   href: '^5.1.5' }
304 verbose addNamed [ 'worker-timers', '^5.1.5' ]
305 verbose addNamed [ null, '>=5.1.5-0 <6.0.0-0' ]
306 silly lockFile 2cacb881-worker-timers-5-1-5 worker-timers@^5.1.5
307 verbose lock worker-timers@^5.1.5 /Users/ed/.npm/2cacb881-worker-timers-5-1-5.lock
308 silly addNameRange { name: 'json-midi-message-encoder',
308 silly addNameRange   range: '>=2.7.13-0 <3.0.0-0',
308 silly addNameRange   hasData: false }
309 silly addNameRange { name: 'midi-json-parser-worker',
309 silly addNameRange   range: '>=6.5.13-0 <7.0.0-0',
309 silly addNameRange   hasData: false }
310 silly addNameRange { name: 'midi-file-slicer',
310 silly addNameRange   range: '>=5.0.41-0 <6.0.0-0',
310 silly addNameRange   hasData: false }
311 silly addNameRange { name: 'rxjs', range: '>=6.5.3-0 <7.0.0-0', hasData: false }
312 verbose url raw json-midi-message-encoder
313 verbose url resolving [ 'https://registry.npmjs.org/', './json-midi-message-encoder' ]
314 verbose url resolved https://registry.npmjs.org/json-midi-message-encoder
315 info trying registry request attempt 1 at 21:49:59
316 http GET https://registry.npmjs.org/json-midi-message-encoder
317 verbose url raw midi-json-parser-worker
318 verbose url resolving [ 'https://registry.npmjs.org/', './midi-json-parser-worker' ]
319 verbose url resolved https://registry.npmjs.org/midi-json-parser-worker
320 info trying registry request attempt 1 at 21:49:59
321 http GET https://registry.npmjs.org/midi-json-parser-worker
322 verbose url raw midi-file-slicer
323 verbose url resolving [ 'https://registry.npmjs.org/', './midi-file-slicer' ]
324 verbose url resolved https://registry.npmjs.org/midi-file-slicer
325 info trying registry request attempt 1 at 21:49:59
326 http GET https://registry.npmjs.org/midi-file-slicer
327 silly addNameRange { name: 'babel/runtime',
327 silly addNameRange   range: '>=7.7.7-0 <8.0.0-0',
327 silly addNameRange   hasData: false }
328 silly addNameRange { name: 'tslib', range: '>=1.10.0-0 <2.0.0-0', hasData: false }
329 silly addNameRange { name: 'worker-timers',
329 silly addNameRange   range: '>=5.1.5-0 <6.0.0-0',
329 silly addNameRange   hasData: false }
330 verbose url raw rxjs
331 verbose url resolving [ 'https://registry.npmjs.org/', './rxjs' ]
332 verbose url resolved https://registry.npmjs.org/rxjs
333 info trying registry request attempt 1 at 21:49:59
334 http GET https://registry.npmjs.org/rxjs
335 verbose url raw babel/runtime
336 verbose url resolving [ 'https://registry.npmjs.org/', './babel/runtime' ]
337 verbose url resolved https://registry.npmjs.org/babel/runtime
338 info trying registry request attempt 1 at 21:49:59
339 http GET https://registry.npmjs.org/babel/runtime
340 verbose url raw tslib
341 verbose url resolving [ 'https://registry.npmjs.org/', './tslib' ]
342 verbose url resolved https://registry.npmjs.org/tslib
343 info trying registry request attempt 1 at 21:49:59
344 http GET https://registry.npmjs.org/tslib
345 verbose url raw worker-timers
346 verbose url resolving [ 'https://registry.npmjs.org/', './worker-timers' ]
347 verbose url resolved https://registry.npmjs.org/worker-timers
348 info trying registry request attempt 1 at 21:49:59
349 http GET https://registry.npmjs.org/worker-timers
350 http 200 https://registry.npmjs.org/midi-file-slicer
351 silly registry.get cb [ 200,
351 silly registry.get   { date: 'Fri, 27 Dec 2019 21:49:59 GMT',
351 silly registry.get     'content-type': 'application/json',
351 silly registry.get     'transfer-encoding': 'chunked',
351 silly registry.get     connection: 'keep-alive',
351 silly registry.get     'set-cookie': [ '__cfduid=d0c982718f4de4e9ea7a5bf48e32d52681577483399; expires=Sun, 26-Jan-20 21:49:59 GMT; path=/; domain=.npmjs.org; HttpOnly; SameSite=Lax' ],
351 silly registry.get     'cf-ray': '54be81ef2f2ff423-LHR',
351 silly registry.get     age: '1341',
351 silly registry.get     'cache-control': 'public, max-age=300',
351 silly registry.get     etag: 'W/"079d079cfc66712016b4e70828801c21"',
351 silly registry.get     'last-modified': 'Fri, 20 Dec 2019 23:12:50 GMT',
351 silly registry.get     vary: 'accept-encoding, accept',
351 silly registry.get     'cf-cache-status': 'HIT',
351 silly registry.get     'expect-ct': 'max-age=604800, report-uri="https://report-uri.cloudflare.com/cdn-cgi/beacon/expect-ct"',
351 silly registry.get     server: 'cloudflare',
351 silly registry.get     'content-encoding': 'gzip' } ]
352 silly addNameRange number 2 { name: 'midi-file-slicer',
352 silly addNameRange   range: '>=5.0.41-0 <6.0.0-0',
352 silly addNameRange   hasData: true }
353 silly addNameRange versions [ 'midi-file-slicer',
353 silly addNameRange   [ '0.1.0',
353 silly addNameRange     '1.0.0',
353 silly addNameRange     '1.0.1',
353 silly addNameRange     '1.0.2',
353 silly addNameRange     '2.0.0',
353 silly addNameRange     '2.0.1',
353 silly addNameRange     '2.0.2',
353 silly addNameRange     '2.0.3',
353 silly addNameRange     '2.0.4',
353 silly addNameRange     '2.0.5',
353 silly addNameRange     '3.0.0',
353 silly addNameRange     '3.0.1',
353 silly addNameRange     '3.0.2',
353 silly addNameRange     '3.0.3',
353 silly addNameRange     '3.0.4',
353 silly addNameRange     '4.0.0',
353 silly addNameRange     '4.0.1',
353 silly addNameRange     '4.0.2',
353 silly addNameRange     '4.0.3',
353 silly addNameRange     '4.0.4',
353 silly addNameRange     '4.0.6',
353 silly addNameRange     '4.0.7',
353 silly addNameRange     '4.0.8',
353 silly addNameRange     '4.0.9',
353 silly addNameRange     '4.0.10',
353 silly addNameRange     '4.0.11',
353 silly addNameRange     '4.0.12',
353 silly addNameRange     '4.0.13',
353 silly addNameRange     '4.0.14',
353 silly addNameRange     '4.0.15',
353 silly addNameRange     '4.0.16',
353 silly addNameRange     '4.0.17',
353 silly addNameRange     '4.0.18',
353 silly addNameRange     '4.0.19',
353 silly addNameRange     '4.0.20',
353 silly addNameRange     '4.0.21',
353 silly addNameRange     '4.0.22',
353 silly addNameRange     '4.0.23',
353 silly addNameRange     '4.0.24',
353 silly addNameRange     '4.0.25',
353 silly addNameRange     '4.0.26',
353 silly addNameRange     '4.0.27',
353 silly addNameRange     '4.0.28',
353 silly addNameRange     '4.0.29',
353 silly addNameRange     '4.0.30',
353 silly addNameRange     '4.0.31',
353 silly addNameRange     '4.0.32',
353 silly addNameRange     '4.0.33',
353 silly addNameRange     '4.0.34',
353 silly addNameRange     '4.0.35',
353 silly addNameRange     '4.0.36',
353 silly addNameRange     '4.0.37',
353 silly addNameRange     '4.0.38',
353 silly addNameRange     '4.0.39',
353 silly addNameRange     '4.0.40',
353 silly addNameRange     '4.0.41',
353 silly addNameRange     '4.0.42',
353 silly addNameRange     '4.0.43',
353 silly addNameRange     '4.0.44',
353 silly addNameRange     '4.0.45',
353 silly addNameRange     '4.0.46',
353 silly addNameRange     '4.0.47',
353 silly addNameRange     '4.0.48',
353 silly addNameRange     '4.0.49',
353 silly addNameRange     '4.0.50',
353 silly addNameRange     '4.0.51',
353 silly addNameRange     '4.0.52',
353 silly addNameRange     '4.0.53',
353 silly addNameRange     '4.0.54',
353 silly addNameRange     '4.0.55',
353 silly addNameRange     '4.0.56',
353 silly addNameRange     '4.0.57',
353 silly addNameRange     '5.0.0',
353 silly addNameRange     '5.0.1',
353 silly addNameRange     '5.0.2',
353 silly addNameRange     '5.0.3',
353 silly addNameRange     '5.0.4',
353 silly addNameRange     '5.0.5',
353 silly addNameRange     '5.0.6',
353 silly addNameRange     '5.0.7',
353 silly addNameRange     '5.0.8',
353 silly addNameRange     '5.0.9',
353 silly addNameRange     '5.0.10',
353 silly addNameRange     '5.0.11',
353 silly addNameRange     '5.0.12',
353 silly addNameRange     '5.0.13',
353 silly addNameRange     '5.0.14',
353 silly addNameRange     '5.0.15',
353 silly addNameRange     '5.0.16',
353 silly addNameRange     '5.0.17',
353 silly addNameRange     '5.0.18',
353 silly addNameRange     '5.0.19',
353 silly addNameRange     '5.0.20',
353 silly addNameRange     '5.0.21',
353 silly addNameRange     '5.0.22',
353 silly addNameRange     '5.0.23',
353 silly addNameRange     '5.0.24',
353 silly addNameRange     '5.0.25',
353 silly addNameRange     '5.0.26',
353 silly addNameRange     '5.0.27',
353 silly addNameRange     '5.0.28',
353 silly addNameRange     '5.0.29',
353 silly addNameRange     '5.0.30',
353 silly addNameRange     '5.0.31',
353 silly addNameRange     '5.0.32',
353 silly addNameRange     '5.0.33',
353 silly addNameRange     '5.0.34',
353 silly addNameRange     '5.0.35',
353 silly addNameRange     '5.0.36',
353 silly addNameRange     '5.0.37',
353 silly addNameRange     '5.0.38',
353 silly addNameRange     '5.0.39',
353 silly addNameRange     '5.0.40',
353 silly addNameRange     '5.0.41' ] ]
354 verbose addNamed [ 'midi-file-slicer', '5.0.41' ]
355 verbose addNamed [ '5.0.41', '5.0.41' ]
356 silly lockFile b5d7e52e-midi-file-slicer-5-0-41 midi-file-slicer@5.0.41
357 verbose lock midi-file-slicer@5.0.41 /Users/ed/.npm/b5d7e52e-midi-file-slicer-5-0-41.lock
358 silly lockFile 155c1b62-icer-midi-file-slicer-5-0-41-tgz https://registry.npmjs.org/midi-file-slicer/-/midi-file-slicer-5.0.41.tgz
359 verbose lock https://registry.npmjs.org/midi-file-slicer/-/midi-file-slicer-5.0.41.tgz /Users/ed/.npm/155c1b62-icer-midi-file-slicer-5-0-41-tgz.lock
360 verbose addRemoteTarball [ 'https://registry.npmjs.org/midi-file-slicer/-/midi-file-slicer-5.0.41.tgz',
360 verbose addRemoteTarball   '5c08c76fc6de8fc4da4b5ce12d17aaa8a4e817f6' ]
361 info retry fetch attempt 1 at 21:49:59
362 verbose fetch to= /var/folders/s9/mzc7t94d33x26y471ypm_hfc0000gn/T/npm-3274-OpNx1LZT/1577483399723-0.5462530772201717/tmp.tgz
363 http GET https://registry.npmjs.org/midi-file-slicer/-/midi-file-slicer-5.0.41.tgz
364 http 200 https://registry.npmjs.org/rxjs
365 silly registry.get cb [ 200,
365 silly registry.get   { date: 'Fri, 27 Dec 2019 21:49:59 GMT',
365 silly registry.get     'content-type': 'application/json',
365 silly registry.get     'transfer-encoding': 'chunked',
365 silly registry.get     connection: 'keep-alive',
365 silly registry.get     'set-cookie': [ '__cfduid=db13c95057a9f036d2489e1ac0f676b3c1577483399; expires=Sun, 26-Jan-20 21:49:59 GMT; path=/; domain=.npmjs.org; HttpOnly; SameSite=Lax' ],
365 silly registry.get     'cf-ray': '54be81ef4c23bc60-LHR',
365 silly registry.get     age: '3988',
365 silly registry.get     'cache-control': 'public, max-age=300',
365 silly registry.get     etag: 'W/"207b9c6f7c3d2620d2d5ad8a23c25dd4"',
365 silly registry.get     'last-modified': 'Fri, 27 Dec 2019 16:32:14 GMT',
365 silly registry.get     vary: 'accept-encoding, accept',
365 silly registry.get     'cf-cache-status': 'HIT',
365 silly registry.get     'expect-ct': 'max-age=604800, report-uri="https://report-uri.cloudflare.com/cdn-cgi/beacon/expect-ct"',
365 silly registry.get     server: 'cloudflare',
365 silly registry.get     'content-encoding': 'gzip' } ]
366 http 200 https://registry.npmjs.org/tslib
367 silly registry.get cb [ 200,
367 silly registry.get   { date: 'Fri, 27 Dec 2019 21:49:59 GMT',
367 silly registry.get     'content-type': 'application/json',
367 silly registry.get     'transfer-encoding': 'chunked',
367 silly registry.get     connection: 'keep-alive',
367 silly registry.get     'set-cookie': [ '__cfduid=d0c982718f4de4e9ea7a5bf48e32d52681577483399; expires=Sun, 26-Jan-20 21:49:59 GMT; path=/; domain=.npmjs.org; HttpOnly; SameSite=Lax' ],
367 silly registry.get     'cf-ray': '54be81efc887f423-LHR',
367 silly registry.get     age: '6979',
367 silly registry.get     'cache-control': 'public, max-age=300',
367 silly registry.get     etag: 'W/"651a05df85aa358d3be841dbac24ac48"',
367 silly registry.get     'last-modified': 'Fri, 29 Nov 2019 09:32:44 GMT',
367 silly registry.get     vary: 'accept-encoding, accept',
367 silly registry.get     'cf-cache-status': 'HIT',
367 silly registry.get     'expect-ct': 'max-age=604800, report-uri="https://report-uri.cloudflare.com/cdn-cgi/beacon/expect-ct"',
367 silly registry.get     server: 'cloudflare',
367 silly registry.get     'content-encoding': 'gzip' } ]
368 silly addNameRange number 2 { name: 'rxjs', range: '>=6.5.3-0 <7.0.0-0', hasData: true }
369 silly addNameRange versions [ 'rxjs',
369 silly addNameRange   [ '5.0.0-alpha.10',
369 silly addNameRange     '5.0.0-alpha.11',
369 silly addNameRange     '5.0.0-alpha.12',
369 silly addNameRange     '5.0.0-alpha.13',
369 silly addNameRange     '5.0.0-alpha.14',
369 silly addNameRange     '5.0.0-beta.0',
369 silly addNameRange     '5.0.0-beta.1',
369 silly addNameRange     '5.0.0-beta.2',
369 silly addNameRange     '5.0.0-beta.3',
369 silly addNameRange     '5.0.0-beta.4',
369 silly addNameRange     '5.0.0-beta.5',
369 silly addNameRange     '5.0.0-beta.6',
369 silly addNameRange     '5.0.0-beta.7',
369 silly addNameRange     '5.0.0-beta.8',
369 silly addNameRange     '5.0.0-beta.9',
369 silly addNameRange     '5.0.0-beta.10',
369 silly addNameRange     '5.0.0-beta.11',
369 silly addNameRange     '5.0.0-beta.12',
369 silly addNameRange     '5.0.0-rc.1',
369 silly addNameRange     '5.0.0-rc.2',
369 silly addNameRange     '5.0.0-rc.3',
369 silly addNameRange     '5.0.0-rc.4',
369 silly addNameRange     '5.0.0-rc.5',
369 silly addNameRange     '5.0.0',
369 silly addNameRange     '5.0.1',
369 silly addNameRange     '5.0.2',
369 silly addNameRange     '5.0.3',
369 silly addNameRange     '5.1.0',
369 silly addNameRange     '5.1.1',
369 silly addNameRange     '5.2.0',
369 silly addNameRange     '5.2.1-smooth',
369 silly addNameRange     '5.3.0',
369 silly addNameRange     '5.3.1',
369 silly addNameRange     '5.3.3',
369 silly addNameRange     '5.4.0',
369 silly addNameRange     '5.4.1',
369 silly addNameRange     '6.0.0-alpha.0',
369 silly addNameRange     '5.4.2',
369 silly addNameRange     '5.4.3',
369 silly addNameRange     '5.5.0-beta.0',
369 silly addNameRange     '5.5.0-beta.1',
369 silly addNameRange     '5.5.0-beta.2',
369 silly addNameRange     '5.5.0-beta.3',
369 silly addNameRange     '5.5.0-beta.4',
369 silly addNameRange     '5.5.0-beta.5',
369 silly addNameRange     '5.5.0-beta.7',
369 silly addNameRange     '5.5.0',
369 silly addNameRange     '5.5.1',
369 silly addNameRange     '5.5.2',
369 silly addNameRange     '5.5.3',
369 silly addNameRange     '5.5.4',
369 silly addNameRange     '5.5.5',
369 silly addNameRange     '5.5.6',
369 silly addNameRange     '6.0.0-alpha.1',
369 silly addNameRange     '6.0.0-alpha.2',
369 silly addNameRange     '6.0.0-alpha.3',
369 silly addNameRange     '5.5.7',
369 silly addNameRange     '6.0.0-alpha.4',
369 silly addNameRange     '6.0.0-beta.0',
369 silly addNameRange     '5.6.0-forward-compat.0',
369 silly addNameRange     '6.0.0-beta.1',
369 silly addNameRange     '6.0.0-beta.2',
369 silly addNameRange     '5.6.0-forward-compat.1',
369 silly addNameRange     '6.0.0-beta.3',
369 silly addNameRange     '5.5.8',
369 silly addNameRange     '5.6.0-forward-compat.2',
369 silly addNameRange     '6.0.0-beta.4',
369 silly addNameRange     '6.0.0-rc.0',
369 silly addNameRange     '6.0.0-smoosh.0',
369 silly addNameRange     '6.0.0-smoosh.1',
369 silly addNameRange     '6.0.0-smoosh.2',
369 silly addNameRange     '6.0.0-rc.1',
369 silly addNameRange     '6.0.0-tactical-rc.1',
369 silly addNameRange     '5.5.9',
369 silly addNameRange     '5.6.0-forward-compat.3',
369 silly addNameRange     '6.0.0-tenacious-rc.2',
369 silly addNameRange     '6.0.0-terrific-rc.3',
369 silly addNameRange     '6.0.0-turbo-rc.4',
369 silly addNameRange     '5.5.10',
369 silly addNameRange     '5.6.0-forward-compat.4',
369 silly addNameRange     '6.0.0-uber-rc.5',
369 silly addNameRange     '6.0.0-ucandoit-rc.6',
369 silly addNameRange     '6.0.0-uncanny-rc.7',
369 silly addNameRange     '6.0.0',
369 silly addNameRange     '6.1.0',
369 silly addNameRange     '6.2.0',
369 silly addNameRange     '5.5.11',
369 silly addNameRange     '5.6.0-forward-compat.5',
369 silly addNameRange     '6.2.1',
369 silly addNameRange     '6.2.2',
369 silly addNameRange     '6.3.0',
369 silly addNameRange     '5.5.12',
369 silly addNameRange     '6.3.1',
369 silly addNameRange     '6.3.2',
369 silly addNameRange     '6.3.3',
369 silly addNameRange     '6.4.0',
369 silly addNameRange     '6.5.0',
369 silly addNameRange     '6.5.1',
369 silly addNameRange     '6.5.2',
369 silly addNameRange     '6.5.3',
369 silly addNameRange     '7.0.0-alpha.0',
369 silly addNameRange     '7.0.0-alpha.1',
369 silly addNameRange     '6.5.4' ] ]
370 verbose addNamed [ 'rxjs', '6.5.4' ]
371 verbose addNamed [ '6.5.4', '6.5.4' ]
372 silly lockFile 4d0a4997-rxjs-6-5-4 rxjs@6.5.4
373 verbose lock rxjs@6.5.4 /Users/ed/.npm/4d0a4997-rxjs-6-5-4.lock
374 silly lockFile f61596b7-ry-npmjs-org-rxjs-rxjs-6-5-4-tgz https://registry.npmjs.org/rxjs/-/rxjs-6.5.4.tgz
375 verbose lock https://registry.npmjs.org/rxjs/-/rxjs-6.5.4.tgz /Users/ed/.npm/f61596b7-ry-npmjs-org-rxjs-rxjs-6-5-4-tgz.lock
376 silly addNameRange number 2 { name: 'tslib', range: '>=1.10.0-0 <2.0.0-0', hasData: true }
377 silly addNameRange versions [ 'tslib',
377 silly addNameRange   [ '0.0.1-security',
377 silly addNameRange     '1.0.0',
377 silly addNameRange     '1.1.0',
377 silly addNameRange     '1.2.0',
377 silly addNameRange     '1.3.0',
377 silly addNameRange     '1.4.0',
377 silly addNameRange     '1.5.0',
377 silly addNameRange     '1.6.0',
377 silly addNameRange     '1.6.1',
377 silly addNameRange     '1.7.0',
377 silly addNameRange     '1.7.1',
377 silly addNameRange     '1.8.0',
377 silly addNameRange     '1.8.1',
377 silly addNameRange     '1.9.0',
377 silly addNameRange     '1.9.1',
377 silly addNameRange     '1.9.2',
377 silly addNameRange     '1.9.3',
377 silly addNameRange     '1.10.0' ] ]
378 verbose addNamed [ 'tslib', '1.10.0' ]
379 verbose addNamed [ '1.10.0', '1.10.0' ]
380 silly lockFile 20f226a5-tslib-1-10-0 tslib@1.10.0
381 verbose lock tslib@1.10.0 /Users/ed/.npm/20f226a5-tslib-1-10-0.lock
382 verbose addRemoteTarball [ 'https://registry.npmjs.org/rxjs/-/rxjs-6.5.4.tgz',
382 verbose addRemoteTarball   'e0777fe0d184cec7872df147f303572d414e211c' ]
383 info retry fetch attempt 1 at 21:49:59
384 verbose fetch to= /var/folders/s9/mzc7t94d33x26y471ypm_hfc0000gn/T/npm-3274-OpNx1LZT/1577483399786-0.14534146641381085/tmp.tgz
385 silly lockFile 6573e383-npmjs-org-tslib-tslib-1-10-0-tgz https://registry.npmjs.org/tslib/-/tslib-1.10.0.tgz
386 verbose lock https://registry.npmjs.org/tslib/-/tslib-1.10.0.tgz /Users/ed/.npm/6573e383-npmjs-org-tslib-tslib-1-10-0-tgz.lock
387 http GET https://registry.npmjs.org/rxjs/-/rxjs-6.5.4.tgz
388 verbose addRemoteTarball [ 'https://registry.npmjs.org/tslib/-/tslib-1.10.0.tgz',
388 verbose addRemoteTarball   'c3c19f95973fb0a62973fb09d90d961ee43e5c8a' ]
389 info retry fetch attempt 1 at 21:49:59
390 verbose fetch to= /var/folders/s9/mzc7t94d33x26y471ypm_hfc0000gn/T/npm-3274-OpNx1LZT/1577483399787-0.9736031629145145/tmp.tgz
391 http GET https://registry.npmjs.org/tslib/-/tslib-1.10.0.tgz
392 http 405 https://registry.npmjs.org/babel/runtime
393 silly registry.get cb [ 405,
393 silly registry.get   { date: 'Fri, 27 Dec 2019 21:49:59 GMT',
393 silly registry.get     'content-type': 'application/json',
393 silly registry.get     'content-length': '63',
393 silly registry.get     connection: 'keep-alive',
393 silly registry.get     'set-cookie': [ '__cfduid=d90f182703e3081fe8a0249c45af044d01577483399; expires=Sun, 26-Jan-20 21:49:59 GMT; path=/; domain=.npmjs.org; HttpOnly; SameSite=Lax' ],
393 silly registry.get     'cf-ray': '54be81ef2fa8ce1f-LHR',
393 silly registry.get     allow: 'PUT',
393 silly registry.get     'cf-cache-status': 'DYNAMIC',
393 silly registry.get     'expect-ct': 'max-age=604800, report-uri="https://report-uri.cloudflare.com/cdn-cgi/beacon/expect-ct"',
393 silly registry.get     vary: 'Accept-Encoding',
393 silly registry.get     server: 'cloudflare' } ]
394 silly lockFile 853cbc37-babel-runtime-7-7-7 babel/runtime@^7.7.7
395 silly lockFile 853cbc37-babel-runtime-7-7-7 babel/runtime@^7.7.7
396 verbose about to build /Users/ed/Documents/bornrobot/song-midi-player/node_modules/midi-player
397 info /Users/ed/Documents/bornrobot/song-midi-player/node_modules/midi-player unbuild
398 info preuninstall midi-player@4.0.57
399 info uninstall midi-player@4.0.57
400 verbose true,/Users/ed/Documents/bornrobot/song-midi-player/node_modules,/Users/ed/Documents/bornrobot/song-midi-player/node_modules unbuild midi-player@4.0.57
401 info postuninstall midi-player@4.0.57
402 http 200 https://registry.npmjs.org/worker-timers
403 silly registry.get cb [ 200,
403 silly registry.get   { date: 'Fri, 27 Dec 2019 21:49:59 GMT',
403 silly registry.get     'content-type': 'application/json',
403 silly registry.get     'transfer-encoding': 'chunked',
403 silly registry.get     connection: 'keep-alive',
403 silly registry.get     'set-cookie': [ '__cfduid=db13c95057a9f036d2489e1ac0f676b3c1577483399; expires=Sun, 26-Jan-20 21:49:59 GMT; path=/; domain=.npmjs.org; HttpOnly; SameSite=Lax' ],
403 silly registry.get     'cf-ray': '54be81f02ccabc60-LHR',
403 silly registry.get     age: '1341',
403 silly registry.get     'cache-control': 'public, max-age=300',
403 silly registry.get     etag: 'W/"6b49572b0655785d2baf5a2d07248b0b"',
403 silly registry.get     'last-modified': 'Fri, 20 Dec 2019 23:31:21 GMT',
403 silly registry.get     vary: 'accept-encoding, accept',
403 silly registry.get     'cf-cache-status': 'HIT',
403 silly registry.get     'expect-ct': 'max-age=604800, report-uri="https://report-uri.cloudflare.com/cdn-cgi/beacon/expect-ct"',
403 silly registry.get     server: 'cloudflare',
403 silly registry.get     'content-encoding': 'gzip' } ]
404 silly addNameRange number 2 { name: 'worker-timers',
404 silly addNameRange   range: '>=5.1.5-0 <6.0.0-0',
404 silly addNameRange   hasData: true }
405 silly addNameRange versions [ 'worker-timers',
405 silly addNameRange   [ '0.0.0',
405 silly addNameRange     '0.0.1',
405 silly addNameRange     '0.0.2',
405 silly addNameRange     '0.0.4',
405 silly addNameRange     '0.1.0',
405 silly addNameRange     '0.1.1',
405 silly addNameRange     '0.1.2',
405 silly addNameRange     '0.1.3',
405 silly addNameRange     '0.1.4',
405 silly addNameRange     '0.1.5',
405 silly addNameRange     '0.1.6',
405 silly addNameRange     '0.1.7',
405 silly addNameRange     '0.1.8',
405 silly addNameRange     '0.2.0',
405 silly addNameRange     '1.0.0',
405 silly addNameRange     '1.0.1',
405 silly addNameRange     '1.0.2',
405 silly addNameRange     '2.0.0',
405 silly addNameRange     '2.0.1',
405 silly addNameRange     '2.0.2',
405 silly addNameRange     '2.0.4',
405 silly addNameRange     '2.0.6',
405 silly addNameRange     '3.0.0',
405 silly addNameRange     '3.0.1',
405 silly addNameRange     '3.0.2',
405 silly addNameRange     '3.0.3',
405 silly addNameRange     '3.0.4',
405 silly addNameRange     '3.0.5',
405 silly addNameRange     '3.0.6',
405 silly addNameRange     '4.0.0',
405 silly addNameRange     '4.0.1',
405 silly addNameRange     '4.0.2',
405 silly addNameRange     '4.0.3',
405 silly addNameRange     '4.0.4',
405 silly addNameRange     '4.0.5',
405 silly addNameRange     '4.0.6',
405 silly addNameRange     '4.0.7',
405 silly addNameRange     '4.0.8',
405 silly addNameRange     '4.0.13',
405 silly addNameRange     '4.0.14',
405 silly addNameRange     '4.0.15',
405 silly addNameRange     '4.0.16',
405 silly addNameRange     '4.0.17',
405 silly addNameRange     '4.0.18',
405 silly addNameRange     '4.0.19',
405 silly addNameRange     '4.0.20',
405 silly addNameRange     '4.0.21',
405 silly addNameRange     '4.0.22',
405 silly addNameRange     '4.0.23',
405 silly addNameRange     '4.0.24',
405 silly addNameRange     '4.0.25',
405 silly addNameRange     '4.0.26',
405 silly addNameRange     '4.0.27',
405 silly addNameRange     '4.0.28',
405 silly addNameRange     '4.0.29',
405 silly addNameRange     '4.0.30',
405 silly addNameRange     '4.0.31',
405 silly addNameRange     '4.0.32',
405 silly addNameRange     '4.0.33',
405 silly addNameRange     '4.0.34',
405 silly addNameRange     '4.0.35',
405 silly addNameRange     '4.0.36',
405 silly addNameRange     '4.0.37',
405 silly addNameRange     '4.0.38',
405 silly addNameRange     '4.0.39',
405 silly addNameRange     '4.0.40',
405 silly addNameRange     '4.0.41',
405 silly addNameRange     '4.0.42',
405 silly addNameRange     '4.0.43',
405 silly addNameRange     '4.0.44',
405 silly addNameRange     '4.0.45',
405 silly addNameRange     '4.0.46',
405 silly addNameRange     '4.0.47',
405 silly addNameRange     '4.0.48',
405 silly addNameRange     '4.0.49',
405 silly addNameRange     '4.0.50',
405 silly addNameRange     '4.0.51',
405 silly addNameRange     '4.0.52',
405 silly addNameRange     '4.0.53',
405 silly addNameRange     '5.0.0',
405 silly addNameRange     '5.0.1',
405 silly addNameRange     '5.0.2',
405 silly addNameRange     '5.0.3',
405 silly addNameRange     '5.0.4',
405 silly addNameRange     '5.0.5',
405 silly addNameRange     '5.0.6',
405 silly addNameRange     '5.0.7',
405 silly addNameRange     '5.0.8',
405 silly addNameRange     '5.0.9',
405 silly addNameRange     '5.0.10',
405 silly addNameRange     '5.0.11',
405 silly addNameRange     '5.0.12',
405 silly addNameRange     '5.0.13',
405 silly addNameRange     '5.0.14',
405 silly addNameRange     '5.0.15',
405 silly addNameRange     '5.0.16',
405 silly addNameRange     '5.0.17',
405 silly addNameRange     '5.0.18',
405 silly addNameRange     '5.0.19',
405 silly addNameRange     '5.0.20',
405 silly addNameRange     '5.0.21',
405 silly addNameRange     '5.0.22',
405 silly addNameRange     '5.0.23',
405 silly addNameRange     '5.0.24',
405 silly addNameRange     '5.0.25',
405 silly addNameRange     '5.0.26',
405 silly addNameRange     '5.0.27',
405 silly addNameRange     '5.0.28',
405 silly addNameRange     '5.0.29',
405 silly addNameRange     '5.0.30',
405 silly addNameRange     '5.0.31',
405 silly addNameRange     '5.0.32',
405 silly addNameRange     '5.0.33',
405 silly addNameRange     '5.0.34',
405 silly addNameRange     '5.0.35',
405 silly addNameRange     '5.0.36',
405 silly addNameRange     '5.1.0',
405 silly addNameRange     '5.1.1',
405 silly addNameRange     '5.1.2',
405 silly addNameRange     '5.1.3',
405 silly addNameRange     '5.1.4',
405 silly addNameRange     '5.1.5' ] ]
406 verbose addNamed [ 'worker-timers', '5.1.5' ]
407 verbose addNamed [ '5.1.5', '5.1.5' ]
408 silly lockFile 68b74bd4-worker-timers-5-1-5 worker-timers@5.1.5
409 verbose lock worker-timers@5.1.5 /Users/ed/.npm/68b74bd4-worker-timers-5-1-5.lock
410 silly lockFile 50299640-r-timers-worker-timers-5-1-5-tgz https://registry.npmjs.org/worker-timers/-/worker-timers-5.1.5.tgz
411 verbose lock https://registry.npmjs.org/worker-timers/-/worker-timers-5.1.5.tgz /Users/ed/.npm/50299640-r-timers-worker-timers-5-1-5-tgz.lock
412 error Error: Method Not Allowed
412 error     at errorResponse (/usr/local/lib/node_modules/npm/lib/cache.js:753:14)
412 error     at /usr/local/lib/node_modules/npm/lib/cache.js:773:12
412 error     at saved (/usr/local/lib/node_modules/npm/node_modules/npm-registry-client/lib/get.js:148:7)
412 error     at /usr/local/lib/node_modules/npm/node_modules/graceful-fs/polyfills.js:133:7
412 error     at Object.oncomplete (fs.js:107:15)
413 error If you need help, you may report this *entire* log,
413 error including the npm and node versions, at:
413 error     <http://github.com/npm/npm/issues>
414 error System Darwin 15.6.0
415 error command "node" "/usr/local/bin/npm" "i" "midi-player"
416 error cwd /Users/ed/Documents/bornrobot/song-midi-player
417 error node -v v0.10.28
418 error npm -v 1.4.9
419 error code E405
420 verbose exit [ 1, true ]
